{"name":"hexo","hostname":"MacBook-Pro.local","pid":43373,"level":20,"msg":"Hexo version: \u001b[35m3.4.4\u001b[39m","time":"2017-12-23T06:09:21.129Z","v":0}
{"name":"hexo","hostname":"MacBook-Pro.local","pid":43373,"level":20,"msg":"Working directory: \u001b[35m~/projects/blog/\u001b[39m","time":"2017-12-23T06:09:21.132Z","v":0}
{"name":"hexo","hostname":"MacBook-Pro.local","pid":43373,"level":20,"msg":"Config loaded: \u001b[35m~/projects/blog/_config.yml\u001b[39m","time":"2017-12-23T06:09:21.207Z","v":0}
{"name":"hexo","hostname":"MacBook-Pro.local","pid":43373,"level":20,"msg":"Plugin loaded: \u001b[35mhexo-generator-archive\u001b[39m","time":"2017-12-23T06:09:21.216Z","v":0}
{"name":"hexo","hostname":"MacBook-Pro.local","pid":43373,"level":20,"msg":"Plugin loaded: \u001b[35mhexo-generator-category\u001b[39m","time":"2017-12-23T06:09:21.217Z","v":0}
{"name":"hexo","hostname":"MacBook-Pro.local","pid":43373,"level":20,"msg":"Plugin loaded: \u001b[35mhexo-generator-index\u001b[39m","time":"2017-12-23T06:09:21.219Z","v":0}
{"name":"hexo","hostname":"MacBook-Pro.local","pid":43373,"level":20,"msg":"Plugin loaded: \u001b[35mhexo-migrator-rss\u001b[39m","time":"2017-12-23T06:09:21.368Z","v":0}
{"name":"hexo","hostname":"MacBook-Pro.local","pid":43373,"level":20,"msg":"Plugin loaded: \u001b[35mhexo-generator-tag\u001b[39m","time":"2017-12-23T06:09:21.369Z","v":0}
{"name":"hexo","hostname":"MacBook-Pro.local","pid":43373,"level":20,"msg":"Plugin loaded: \u001b[35mhexo-renderer-ejs\u001b[39m","time":"2017-12-23T06:09:21.371Z","v":0}
{"name":"hexo","hostname":"MacBook-Pro.local","pid":43373,"level":20,"msg":"Plugin loaded: \u001b[35mhexo-renderer-marked\u001b[39m","time":"2017-12-23T06:09:21.376Z","v":0}
{"name":"hexo","hostname":"MacBook-Pro.local","pid":43373,"level":20,"msg":"Plugin loaded: \u001b[35mhexo-renderer-stylus\u001b[39m","time":"2017-12-23T06:09:21.377Z","v":0}
{"name":"hexo","hostname":"MacBook-Pro.local","pid":43373,"level":20,"msg":"Plugin loaded: \u001b[35mhexo-server\u001b[39m","time":"2017-12-23T06:09:21.421Z","v":0}
{"name":"hexo","hostname":"MacBook-Pro.local","pid":43373,"level":20,"msg":"Script loaded: \u001b[35mthemes/landscape/scripts/fancybox.js\u001b[39m","time":"2017-12-23T06:09:21.425Z","v":0}
{"name":"hexo","hostname":"MacBook-Pro.local","pid":43373,"level":20,"msg":"Loading database.","time":"2017-12-23T06:09:21.433Z","v":0}
{"name":"hexo","hostname":"MacBook-Pro.local","pid":43373,"level":30,"msg":"Start processing","time":"2017-12-23T06:09:21.442Z","v":0}
{"name":"hexo","hostname":"MacBook-Pro.local","pid":43373,"level":20,"msg":"Theme config loaded.","time":"2017-12-23T06:09:21.539Z","v":0}
{"name":"hexo","hostname":"MacBook-Pro.local","pid":43373,"level":20,"msg":"Processed: \u001b[35m_config.yml\u001b[39m","time":"2017-12-23T06:09:21.539Z","v":0}
{"name":"hexo","hostname":"MacBook-Pro.local","pid":43373,"level":20,"msg":"Processed: \u001b[35msource/css/style.styl\u001b[39m","time":"2017-12-23T06:09:21.547Z","v":0}
{"name":"hexo","hostname":"MacBook-Pro.local","pid":43373,"level":20,"msg":"Processed: \u001b[35msource/fancybox/blank.gif\u001b[39m","time":"2017-12-23T06:09:21.548Z","v":0}
{"name":"hexo","hostname":"MacBook-Pro.local","pid":43373,"level":20,"msg":"Processed: \u001b[35msource/fancybox/fancybox_loading.gif\u001b[39m","time":"2017-12-23T06:09:21.548Z","v":0}
{"name":"hexo","hostname":"MacBook-Pro.local","pid":43373,"level":20,"msg":"Processed: \u001b[35msource/fancybox/fancybox_loading@2x.gif\u001b[39m","time":"2017-12-23T06:09:21.552Z","v":0}
{"name":"hexo","hostname":"MacBook-Pro.local","pid":43373,"level":20,"msg":"Processed: \u001b[35msource/fancybox/fancybox_overlay.png\u001b[39m","time":"2017-12-23T06:09:21.553Z","v":0}
{"name":"hexo","hostname":"MacBook-Pro.local","pid":43373,"level":20,"msg":"Processed: \u001b[35msource/fancybox/fancybox_sprite.png\u001b[39m","time":"2017-12-23T06:09:21.553Z","v":0}
{"name":"hexo","hostname":"MacBook-Pro.local","pid":43373,"level":20,"msg":"Processed: \u001b[35msource/fancybox/fancybox_sprite@2x.png\u001b[39m","time":"2017-12-23T06:09:21.554Z","v":0}
{"name":"hexo","hostname":"MacBook-Pro.local","pid":43373,"level":20,"msg":"Processed: \u001b[35msource/fancybox/jquery.fancybox.css\u001b[39m","time":"2017-12-23T06:09:21.554Z","v":0}
{"name":"hexo","hostname":"MacBook-Pro.local","pid":43373,"level":20,"msg":"Processed: \u001b[35msource/fancybox/jquery.fancybox.js\u001b[39m","time":"2017-12-23T06:09:21.555Z","v":0}
{"name":"hexo","hostname":"MacBook-Pro.local","pid":43373,"level":20,"msg":"Processed: \u001b[35msource/fancybox/jquery.fancybox.pack.js\u001b[39m","time":"2017-12-23T06:09:21.555Z","v":0}
{"name":"hexo","hostname":"MacBook-Pro.local","pid":43373,"level":20,"msg":"Processed: \u001b[35msource/js/script.js\u001b[39m","time":"2017-12-23T06:09:21.558Z","v":0}
{"name":"hexo","hostname":"MacBook-Pro.local","pid":43373,"level":20,"msg":"Processed: \u001b[35mlayout/archive.ejs\u001b[39m","time":"2017-12-23T06:09:21.583Z","v":0}
{"name":"hexo","hostname":"MacBook-Pro.local","pid":43373,"level":20,"msg":"Processed: \u001b[35mlayout/category.ejs\u001b[39m","time":"2017-12-23T06:09:21.584Z","v":0}
{"name":"hexo","hostname":"MacBook-Pro.local","pid":43373,"level":20,"msg":"Processed: \u001b[35mlayout/index.ejs\u001b[39m","time":"2017-12-23T06:09:21.584Z","v":0}
{"name":"hexo","hostname":"MacBook-Pro.local","pid":43373,"level":20,"msg":"Processed: \u001b[35mlayout/layout.ejs\u001b[39m","time":"2017-12-23T06:09:21.584Z","v":0}
{"name":"hexo","hostname":"MacBook-Pro.local","pid":43373,"level":20,"msg":"Processed: \u001b[35mlayout/page.ejs\u001b[39m","time":"2017-12-23T06:09:21.584Z","v":0}
{"name":"hexo","hostname":"MacBook-Pro.local","pid":43373,"level":20,"msg":"Processed: \u001b[35mlayout/post.ejs\u001b[39m","time":"2017-12-23T06:09:21.584Z","v":0}
{"name":"hexo","hostname":"MacBook-Pro.local","pid":43373,"level":20,"msg":"Processed: \u001b[35mlayout/tag.ejs\u001b[39m","time":"2017-12-23T06:09:21.584Z","v":0}
{"name":"hexo","hostname":"MacBook-Pro.local","pid":43373,"level":20,"msg":"Processed: \u001b[35mlanguages/de.yml\u001b[39m","time":"2017-12-23T06:09:21.611Z","v":0}
{"name":"hexo","hostname":"MacBook-Pro.local","pid":43373,"level":20,"msg":"Processed: \u001b[35mlanguages/default.yml\u001b[39m","time":"2017-12-23T06:09:21.611Z","v":0}
{"name":"hexo","hostname":"MacBook-Pro.local","pid":43373,"level":20,"msg":"Processed: \u001b[35mlanguages/es.yml\u001b[39m","time":"2017-12-23T06:09:21.611Z","v":0}
{"name":"hexo","hostname":"MacBook-Pro.local","pid":43373,"level":20,"msg":"Processed: \u001b[35mlanguages/fr.yml\u001b[39m","time":"2017-12-23T06:09:21.611Z","v":0}
{"name":"hexo","hostname":"MacBook-Pro.local","pid":43373,"level":20,"msg":"Processed: \u001b[35mlanguages/ja.yml\u001b[39m","time":"2017-12-23T06:09:21.611Z","v":0}
{"name":"hexo","hostname":"MacBook-Pro.local","pid":43373,"level":20,"msg":"Processed: \u001b[35mlanguages/ko.yml\u001b[39m","time":"2017-12-23T06:09:21.611Z","v":0}
{"name":"hexo","hostname":"MacBook-Pro.local","pid":43373,"level":20,"msg":"Processed: \u001b[35mlanguages/nl.yml\u001b[39m","time":"2017-12-23T06:09:21.612Z","v":0}
{"name":"hexo","hostname":"MacBook-Pro.local","pid":43373,"level":20,"msg":"Processed: \u001b[35mlanguages/no.yml\u001b[39m","time":"2017-12-23T06:09:21.612Z","v":0}
{"name":"hexo","hostname":"MacBook-Pro.local","pid":43373,"level":20,"msg":"Processed: \u001b[35mlanguages/pt.yml\u001b[39m","time":"2017-12-23T06:09:21.612Z","v":0}
{"name":"hexo","hostname":"MacBook-Pro.local","pid":43373,"level":20,"msg":"Processed: \u001b[35mlanguages/ru.yml\u001b[39m","time":"2017-12-23T06:09:21.612Z","v":0}
{"name":"hexo","hostname":"MacBook-Pro.local","pid":43373,"level":20,"msg":"Processed: \u001b[35mlanguages/zh-CN.yml\u001b[39m","time":"2017-12-23T06:09:21.612Z","v":0}
{"name":"hexo","hostname":"MacBook-Pro.local","pid":43373,"level":20,"msg":"Processed: \u001b[35mlanguages/zh-TW.yml\u001b[39m","time":"2017-12-23T06:09:21.613Z","v":0}
{"name":"hexo","hostname":"MacBook-Pro.local","pid":43373,"level":20,"msg":"Processed: \u001b[35m_posts/React-UI-心得文之一.md\u001b[39m","time":"2017-12-23T06:09:21.634Z","v":0}
{"name":"hexo","hostname":"MacBook-Pro.local","pid":43373,"level":20,"msg":"Processed: \u001b[35m_posts/hello-world.md\u001b[39m","time":"2017-12-23T06:09:21.644Z","v":0}
{"name":"hexo","hostname":"MacBook-Pro.local","pid":43373,"level":20,"msg":"Processed: \u001b[35m_posts/”redux-js-可預測的狀態容器“-的-API-使用說明.md\u001b[39m","time":"2017-12-23T06:09:21.647Z","v":0}
{"name":"hexo","hostname":"MacBook-Pro.local","pid":43373,"level":20,"msg":"Processed: \u001b[35m_posts/Be-predictable-not-correct-by-Pete-Hunt-from-Instagram.md\u001b[39m","time":"2017-12-23T06:09:21.647Z","v":0}
{"name":"hexo","hostname":"MacBook-Pro.local","pid":43373,"level":20,"msg":"Processed: \u001b[35m_posts/Firebase：前端工程師的神兵利器.md\u001b[39m","time":"2017-12-23T06:09:21.682Z","v":0}
{"name":"hexo","hostname":"MacBook-Pro.local","pid":43373,"level":20,"msg":"Processed: \u001b[35msource/css/fonts/FontAwesome.otf\u001b[39m","time":"2017-12-23T06:09:21.682Z","v":0}
{"name":"hexo","hostname":"MacBook-Pro.local","pid":43373,"level":20,"msg":"Processed: \u001b[35msource/css/fonts/fontawesome-webfont.eot\u001b[39m","time":"2017-12-23T06:09:21.684Z","v":0}
{"name":"hexo","hostname":"MacBook-Pro.local","pid":43373,"level":20,"msg":"Processed: \u001b[35m_posts/淺談函數式編程和-React.md\u001b[39m","time":"2017-12-23T06:09:21.687Z","v":0}
{"name":"hexo","hostname":"MacBook-Pro.local","pid":43373,"level":20,"msg":"Processed: \u001b[35msource/css/fonts/fontawesome-webfont.woff\u001b[39m","time":"2017-12-23T06:09:21.687Z","v":0}
{"name":"hexo","hostname":"MacBook-Pro.local","pid":43373,"level":20,"msg":"Processed: \u001b[35msource/fancybox/helpers/fancybox_buttons.png\u001b[39m","time":"2017-12-23T06:09:21.692Z","v":0}
{"name":"hexo","hostname":"MacBook-Pro.local","pid":43373,"level":20,"msg":"Processed: \u001b[35msource/fancybox/helpers/jquery.fancybox-buttons.css\u001b[39m","time":"2017-12-23T06:09:21.697Z","v":0}
{"name":"hexo","hostname":"MacBook-Pro.local","pid":43373,"level":20,"msg":"Processed: \u001b[35msource/fancybox/helpers/jquery.fancybox-buttons.js\u001b[39m","time":"2017-12-23T06:09:21.700Z","v":0}
{"name":"hexo","hostname":"MacBook-Pro.local","pid":43373,"level":20,"msg":"Processed: \u001b[35msource/fancybox/helpers/jquery.fancybox-media.js\u001b[39m","time":"2017-12-23T06:09:21.703Z","v":0}
{"name":"hexo","hostname":"MacBook-Pro.local","pid":43373,"level":20,"msg":"Processed: \u001b[35msource/fancybox/helpers/jquery.fancybox-thumbs.js\u001b[39m","time":"2017-12-23T06:09:21.706Z","v":0}
{"name":"hexo","hostname":"MacBook-Pro.local","pid":43373,"level":20,"msg":"Processed: \u001b[35m_posts/訓練英文的閱讀能力.md\u001b[39m","time":"2017-12-23T06:09:21.706Z","v":0}
{"name":"hexo","hostname":"MacBook-Pro.local","pid":43373,"level":20,"msg":"Processed: \u001b[35msource/fancybox/helpers/jquery.fancybox-thumbs.css\u001b[39m","time":"2017-12-23T06:09:21.706Z","v":0}
{"name":"hexo","hostname":"MacBook-Pro.local","pid":43373,"level":20,"msg":"Processed: \u001b[35m_posts/Hey-Underscore-You-re-doing-it-Wrong-介紹函數編程.md\u001b[39m","time":"2017-12-23T06:09:21.708Z","v":0}
{"name":"hexo","hostname":"MacBook-Pro.local","pid":43373,"level":20,"msg":"Processed: \u001b[35m_posts/Javascript-中的函數式編程-a-talk-ReactiveConf-2015.md\u001b[39m","time":"2017-12-23T06:09:21.708Z","v":0}
{"name":"hexo","hostname":"MacBook-Pro.local","pid":43373,"level":20,"msg":"Processed: \u001b[35m_posts/Node-js-的發明人-Ryan-Dahl-在-Yahoo-介紹-Node-js-2010.md\u001b[39m","time":"2017-12-23T06:09:21.709Z","v":0}
{"name":"hexo","hostname":"MacBook-Pro.local","pid":43373,"level":20,"msg":"Processed: \u001b[35m_posts/Redux-事件驅動系統-伺服器.md\u001b[39m","time":"2017-12-23T06:09:21.713Z","v":0}
{"name":"hexo","hostname":"MacBook-Pro.local","pid":43373,"level":20,"msg":"Processed: \u001b[35m_posts/React-和-Flux-到底在做什麼.md\u001b[39m","time":"2017-12-23T06:09:21.714Z","v":0}
{"name":"hexo","hostname":"MacBook-Pro.local","pid":43373,"level":20,"msg":"Processed: \u001b[35m_posts/Redux-簡介：我終於看穿它了.md\u001b[39m","time":"2017-12-23T06:09:21.718Z","v":0}
{"name":"hexo","hostname":"MacBook-Pro.local","pid":43373,"level":20,"msg":"Processed: \u001b[35m_posts/什麼是設計？.md\u001b[39m","time":"2017-12-23T06:09:21.718Z","v":0}
{"name":"hexo","hostname":"MacBook-Pro.local","pid":43373,"level":20,"msg":"Processed: \u001b[35m_posts/介紹-React-js-2013-by-Facebook.md\u001b[39m","time":"2017-12-23T06:09:21.718Z","v":0}
{"name":"hexo","hostname":"MacBook-Pro.local","pid":43373,"level":20,"msg":"Processed: \u001b[35m_posts/使用者故事對照-地圖演講摘要-User-Story-Mapping.md\u001b[39m","time":"2017-12-23T06:09:21.721Z","v":0}
{"name":"hexo","hostname":"MacBook-Pro.local","pid":43373,"level":20,"msg":"Processed: \u001b[35m_posts/做-Prototype-的工具-framer-js.md\u001b[39m","time":"2017-12-23T06:09:21.723Z","v":0}
{"name":"hexo","hostname":"MacBook-Pro.local","pid":43373,"level":20,"msg":"Processed: \u001b[35m_posts/函數式編程介紹-1-2.md\u001b[39m","time":"2017-12-23T06:09:21.726Z","v":0}
{"name":"hexo","hostname":"MacBook-Pro.local","pid":43373,"level":20,"msg":"Processed: \u001b[35m_posts/參加-FB-Hackathon-2015-感想.md\u001b[39m","time":"2017-12-23T06:09:21.727Z","v":0}
{"name":"hexo","hostname":"MacBook-Pro.local","pid":43373,"level":20,"msg":"Processed: \u001b[35m_posts/台大不一樣思考社：設計思考工作坊-Day-1.md\u001b[39m","time":"2017-12-23T06:09:21.728Z","v":0}
{"name":"hexo","hostname":"MacBook-Pro.local","pid":43373,"level":20,"msg":"Processed: \u001b[35m_posts/台大不一樣思考社：設計思考工作坊-Day-2.md\u001b[39m","time":"2017-12-23T06:09:21.729Z","v":0}
{"name":"hexo","hostname":"MacBook-Pro.local","pid":43373,"level":20,"msg":"Processed: \u001b[35m_posts/大腦超載時代的思考學-The-Organized-Mind-Thinking-Straight-in-the-Age-of-Information-Overload.md\u001b[39m","time":"2017-12-23T06:09:21.733Z","v":0}
{"name":"hexo","hostname":"MacBook-Pro.local","pid":43373,"level":20,"msg":"Processed: \u001b[35m_posts/如何讓程式可維護-重構的方向-程式開發中的互動設計.md\u001b[39m","time":"2017-12-23T06:09:21.743Z","v":0}
{"name":"hexo","hostname":"MacBook-Pro.local","pid":43373,"level":20,"msg":"Processed: \u001b[35m_posts/從買蘋果看工程師和設計師的差別？.md\u001b[39m","time":"2017-12-23T06:09:21.745Z","v":0}
{"name":"hexo","hostname":"MacBook-Pro.local","pid":43373,"level":20,"msg":"Processed: \u001b[35m_posts/用-Redux-實踐「狀態機導向的介面開發」.md\u001b[39m","time":"2017-12-23T06:09:21.746Z","v":0}
{"name":"hexo","hostname":"MacBook-Pro.local","pid":43373,"level":20,"msg":"Processed: \u001b[35m_posts/程式設計法與人生-Programming-Paradigm-and-Life.md\u001b[39m","time":"2017-12-23T06:09:21.747Z","v":0}
{"name":"hexo","hostname":"MacBook-Pro.local","pid":43373,"level":20,"msg":"Processed: \u001b[35m_posts/研究-Node-js-和-Express-js-有感.md\u001b[39m","time":"2017-12-23T06:09:21.748Z","v":0}
{"name":"hexo","hostname":"MacBook-Pro.local","pid":43373,"level":20,"msg":"Processed: \u001b[35m_posts/聊預測自己未來的能力.md\u001b[39m","time":"2017-12-23T06:09:21.749Z","v":0}
{"name":"hexo","hostname":"MacBook-Pro.local","pid":43373,"level":20,"msg":"Processed: \u001b[35m_posts/見樹又見林-書摘-心得.md\u001b[39m","time":"2017-12-23T06:09:21.750Z","v":0}
{"name":"hexo","hostname":"MacBook-Pro.local","pid":43373,"level":20,"msg":"Processed: \u001b[35m_posts/資訊架構學是什麼？.md\u001b[39m","time":"2017-12-23T06:09:21.752Z","v":0}
{"name":"hexo","hostname":"MacBook-Pro.local","pid":43373,"level":20,"msg":"Processed: \u001b[35msource/css/fonts/fontawesome-webfont.ttf\u001b[39m","time":"2017-12-23T06:09:21.771Z","v":0}
{"name":"hexo","hostname":"MacBook-Pro.local","pid":43373,"level":20,"msg":"Processed: \u001b[35mlayout/_partial/after-footer.ejs\u001b[39m","time":"2017-12-23T06:09:21.780Z","v":0}
{"name":"hexo","hostname":"MacBook-Pro.local","pid":43373,"level":20,"msg":"Processed: \u001b[35mlayout/_partial/archive-post.ejs\u001b[39m","time":"2017-12-23T06:09:21.780Z","v":0}
{"name":"hexo","hostname":"MacBook-Pro.local","pid":43373,"level":20,"msg":"Processed: \u001b[35mlayout/_partial/archive.ejs\u001b[39m","time":"2017-12-23T06:09:21.781Z","v":0}
{"name":"hexo","hostname":"MacBook-Pro.local","pid":43373,"level":20,"msg":"Processed: \u001b[35mlayout/_partial/article.ejs\u001b[39m","time":"2017-12-23T06:09:21.781Z","v":0}
{"name":"hexo","hostname":"MacBook-Pro.local","pid":43373,"level":20,"msg":"Processed: \u001b[35mlayout/_partial/footer.ejs\u001b[39m","time":"2017-12-23T06:09:21.781Z","v":0}
{"name":"hexo","hostname":"MacBook-Pro.local","pid":43373,"level":20,"msg":"Processed: \u001b[35mlayout/_partial/gauges-analytics.ejs\u001b[39m","time":"2017-12-23T06:09:21.781Z","v":0}
{"name":"hexo","hostname":"MacBook-Pro.local","pid":43373,"level":20,"msg":"Processed: \u001b[35mlayout/_partial/google-analytics.ejs\u001b[39m","time":"2017-12-23T06:09:21.781Z","v":0}
{"name":"hexo","hostname":"MacBook-Pro.local","pid":43373,"level":20,"msg":"Processed: \u001b[35mlayout/_partial/header.ejs\u001b[39m","time":"2017-12-23T06:09:21.782Z","v":0}
{"name":"hexo","hostname":"MacBook-Pro.local","pid":43373,"level":20,"msg":"Processed: \u001b[35mlayout/_partial/head.ejs\u001b[39m","time":"2017-12-23T06:09:21.782Z","v":0}
{"name":"hexo","hostname":"MacBook-Pro.local","pid":43373,"level":20,"msg":"Processed: \u001b[35mlayout/_partial/mobile-nav.ejs\u001b[39m","time":"2017-12-23T06:09:21.782Z","v":0}
{"name":"hexo","hostname":"MacBook-Pro.local","pid":43373,"level":20,"msg":"Processed: \u001b[35mlayout/_partial/sidebar.ejs\u001b[39m","time":"2017-12-23T06:09:21.782Z","v":0}
{"name":"hexo","hostname":"MacBook-Pro.local","pid":43373,"level":20,"msg":"Processed: \u001b[35mlayout/_widget/archive.ejs\u001b[39m","time":"2017-12-23T06:09:21.782Z","v":0}
{"name":"hexo","hostname":"MacBook-Pro.local","pid":43373,"level":20,"msg":"Processed: \u001b[35mlayout/_widget/category.ejs\u001b[39m","time":"2017-12-23T06:09:21.782Z","v":0}
{"name":"hexo","hostname":"MacBook-Pro.local","pid":43373,"level":20,"msg":"Processed: \u001b[35mlayout/_widget/recent_posts.ejs\u001b[39m","time":"2017-12-23T06:09:21.782Z","v":0}
{"name":"hexo","hostname":"MacBook-Pro.local","pid":43373,"level":20,"msg":"Processed: \u001b[35mlayout/_widget/tag.ejs\u001b[39m","time":"2017-12-23T06:09:21.782Z","v":0}
{"name":"hexo","hostname":"MacBook-Pro.local","pid":43373,"level":20,"msg":"Processed: \u001b[35mlayout/_widget/tagcloud.ejs\u001b[39m","time":"2017-12-23T06:09:21.782Z","v":0}
{"name":"hexo","hostname":"MacBook-Pro.local","pid":43373,"level":20,"msg":"Processed: \u001b[35msource/css/fonts/fontawesome-webfont.svg\u001b[39m","time":"2017-12-23T06:09:21.784Z","v":0}
{"name":"hexo","hostname":"MacBook-Pro.local","pid":43373,"level":20,"msg":"Processed: \u001b[35msource/css/images/banner.jpg\u001b[39m","time":"2017-12-23T06:09:21.784Z","v":0}
{"name":"hexo","hostname":"MacBook-Pro.local","pid":43373,"level":20,"msg":"Processed: \u001b[35mlayout/_partial/post/category.ejs\u001b[39m","time":"2017-12-23T06:09:21.788Z","v":0}
{"name":"hexo","hostname":"MacBook-Pro.local","pid":43373,"level":20,"msg":"Processed: \u001b[35mlayout/_partial/post/date.ejs\u001b[39m","time":"2017-12-23T06:09:21.788Z","v":0}
{"name":"hexo","hostname":"MacBook-Pro.local","pid":43373,"level":20,"msg":"Processed: \u001b[35mlayout/_partial/post/gallery.ejs\u001b[39m","time":"2017-12-23T06:09:21.788Z","v":0}
{"name":"hexo","hostname":"MacBook-Pro.local","pid":43373,"level":20,"msg":"Processed: \u001b[35mlayout/_partial/post/nav.ejs\u001b[39m","time":"2017-12-23T06:09:21.788Z","v":0}
{"name":"hexo","hostname":"MacBook-Pro.local","pid":43373,"level":20,"msg":"Processed: \u001b[35mlayout/_partial/post/tag.ejs\u001b[39m","time":"2017-12-23T06:09:21.789Z","v":0}
{"name":"hexo","hostname":"MacBook-Pro.local","pid":43373,"level":20,"msg":"Processed: \u001b[35mlayout/_partial/post/title.ejs\u001b[39m","time":"2017-12-23T06:09:21.789Z","v":0}
{"name":"hexo","hostname":"MacBook-Pro.local","pid":43373,"level":20,"msg":"Generator: \u001b[35mpage\u001b[39m","time":"2017-12-23T06:09:22.140Z","v":0}
{"name":"hexo","hostname":"MacBook-Pro.local","pid":43373,"level":20,"msg":"Generator: \u001b[35mpost\u001b[39m","time":"2017-12-23T06:09:22.140Z","v":0}
{"name":"hexo","hostname":"MacBook-Pro.local","pid":43373,"level":20,"msg":"Generator: \u001b[35marchive\u001b[39m","time":"2017-12-23T06:09:22.140Z","v":0}
{"name":"hexo","hostname":"MacBook-Pro.local","pid":43373,"level":20,"msg":"Generator: \u001b[35mcategory\u001b[39m","time":"2017-12-23T06:09:22.140Z","v":0}
{"name":"hexo","hostname":"MacBook-Pro.local","pid":43373,"level":20,"msg":"Generator: \u001b[35mindex\u001b[39m","time":"2017-12-23T06:09:22.140Z","v":0}
{"name":"hexo","hostname":"MacBook-Pro.local","pid":43373,"level":20,"msg":"Generator: \u001b[35mtag\u001b[39m","time":"2017-12-23T06:09:22.140Z","v":0}
{"name":"hexo","hostname":"MacBook-Pro.local","pid":43373,"level":20,"msg":"Generator: \u001b[35masset\u001b[39m","time":"2017-12-23T06:09:22.141Z","v":0}
{"name":"hexo","hostname":"MacBook-Pro.local","pid":43373,"level":30,"msg":"Hexo is running at \u001b[4mhttp://localhost:4000/\u001b[24m. Press Ctrl+C to stop.","time":"2017-12-23T06:09:22.156Z","v":0}
{"name":"hexo","hostname":"MacBook-Pro.local","pid":43373,"level":20,"msg":"Database saved","time":"2017-12-23T06:09:22.180Z","v":0}
{"name":"hexo","hostname":"MacBook-Pro.local","pid":43373,"level":20,"msg":"Rendering index: \u001b[35mindex.html\u001b[39m","time":"2017-12-23T06:09:36.463Z","v":0}
{"name":"hexo","hostname":"MacBook-Pro.local","pid":43373,"level":20,"msg":"Rendering index: \u001b[35mpage/2/index.html\u001b[39m","time":"2017-12-23T06:09:56.404Z","v":0}
{"name":"hexo","hostname":"MacBook-Pro.local","pid":43373,"level":20,"msg":"Rendering index: \u001b[35mpage/3/index.html\u001b[39m","time":"2017-12-23T06:10:04.268Z","v":0}
{"name":"hexo","hostname":"MacBook-Pro.local","pid":43373,"level":20,"msg":"Rendering index: \u001b[35mindex.html\u001b[39m","time":"2017-12-23T06:18:19.301Z","v":0}
{"name":"hexo","hostname":"MacBook-Pro.local","pid":43373,"level":20,"msg":"Rendering archive: \u001b[35marchives/index.html\u001b[39m","time":"2017-12-23T06:18:20.712Z","v":0}
{"name":"hexo","hostname":"MacBook-Pro.local","pid":43373,"level":20,"msg":"Rendering archive: \u001b[35marchives/page/2/index.html\u001b[39m","time":"2017-12-23T06:18:26.181Z","v":0}
{"name":"hexo","hostname":"MacBook-Pro.local","pid":43373,"level":20,"msg":"Rendering archive: \u001b[35marchives/page/3/index.html\u001b[39m","time":"2017-12-23T06:18:29.882Z","v":0}
{"name":"hexo","hostname":"MacBook-Pro.local","pid":43373,"level":20,"msg":"Rendering archive: \u001b[35marchives/index.html\u001b[39m","time":"2017-12-23T06:18:33.599Z","v":0}
{"name":"hexo","hostname":"MacBook-Pro.local","pid":43373,"level":20,"msg":"Rendering archive: \u001b[35marchives/index.html\u001b[39m","time":"2017-12-23T06:28:05.356Z","v":0}
{"name":"hexo","hostname":"MacBook-Pro.local","pid":43373,"level":20,"msg":"Rendering index: \u001b[35mindex.html\u001b[39m","time":"2017-12-23T06:28:07.273Z","v":0}
{"name":"hexo","hostname":"MacBook-Pro.local","pid":43373,"level":20,"msg":"Rendering index: \u001b[35mpage/2/index.html\u001b[39m","time":"2017-12-23T06:28:50.254Z","v":0}
{"name":"hexo","hostname":"MacBook-Pro.local","pid":43373,"level":20,"msg":"Rendering index: \u001b[35mpage/3/index.html\u001b[39m","time":"2017-12-23T06:29:25.413Z","v":0}
{"name":"hexo","hostname":"MacBook-Pro.local","pid":43373,"level":30,"msg":"Bye!","time":"2017-12-23T06:34:34.913Z","v":0}
{"name":"hexo","hostname":"MacBook-Pro.local","pid":43373,"level":20,"msg":"Database saved","time":"2017-12-23T06:34:34.947Z","v":0}
{"name":"hexo","hostname":"MacBook-Pro.local","pid":44530,"level":20,"msg":"Hexo version: \u001b[35m3.4.4\u001b[39m","time":"2017-12-23T06:34:37.412Z","v":0}
{"name":"hexo","hostname":"MacBook-Pro.local","pid":44530,"level":20,"msg":"Working directory: \u001b[35m~/projects/blog/\u001b[39m","time":"2017-12-23T06:34:37.414Z","v":0}
{"name":"hexo","hostname":"MacBook-Pro.local","pid":44530,"level":20,"msg":"Config loaded: \u001b[35m~/projects/blog/_config.yml\u001b[39m","time":"2017-12-23T06:34:37.515Z","v":0}
{"name":"hexo","hostname":"MacBook-Pro.local","pid":44530,"level":20,"msg":"Plugin loaded: \u001b[35mhexo-generator-archive\u001b[39m","time":"2017-12-23T06:34:37.527Z","v":0}
{"name":"hexo","hostname":"MacBook-Pro.local","pid":44530,"level":20,"msg":"Plugin loaded: \u001b[35mhexo-generator-category\u001b[39m","time":"2017-12-23T06:34:37.529Z","v":0}
{"name":"hexo","hostname":"MacBook-Pro.local","pid":44530,"level":20,"msg":"Plugin loaded: \u001b[35mhexo-generator-index\u001b[39m","time":"2017-12-23T06:34:37.530Z","v":0}
{"name":"hexo","hostname":"MacBook-Pro.local","pid":44530,"level":20,"msg":"Plugin loaded: \u001b[35mhexo-generator-tag\u001b[39m","time":"2017-12-23T06:34:37.531Z","v":0}
{"name":"hexo","hostname":"MacBook-Pro.local","pid":44530,"level":20,"msg":"Plugin loaded: \u001b[35mhexo-renderer-ejs\u001b[39m","time":"2017-12-23T06:34:37.533Z","v":0}
{"name":"hexo","hostname":"MacBook-Pro.local","pid":44530,"level":20,"msg":"Plugin loaded: \u001b[35mhexo-renderer-marked\u001b[39m","time":"2017-12-23T06:34:37.538Z","v":0}
{"name":"hexo","hostname":"MacBook-Pro.local","pid":44530,"level":20,"msg":"Plugin loaded: \u001b[35mhexo-migrator-rss\u001b[39m","time":"2017-12-23T06:34:37.729Z","v":0}
{"name":"hexo","hostname":"MacBook-Pro.local","pid":44530,"level":20,"msg":"Plugin loaded: \u001b[35mhexo-renderer-stylus\u001b[39m","time":"2017-12-23T06:34:37.731Z","v":0}
{"name":"hexo","hostname":"MacBook-Pro.local","pid":44530,"level":20,"msg":"Plugin loaded: \u001b[35mhexo-server\u001b[39m","time":"2017-12-23T06:34:37.783Z","v":0}
{"name":"hexo","hostname":"MacBook-Pro.local","pid":44530,"level":20,"msg":"Script loaded: \u001b[35mthemes/landscape/scripts/fancybox.js\u001b[39m","time":"2017-12-23T06:34:37.789Z","v":0}
{"name":"hexo","hostname":"MacBook-Pro.local","pid":44530,"level":20,"msg":"Loading database.","time":"2017-12-23T06:34:37.798Z","v":0}
{"name":"hexo","hostname":"MacBook-Pro.local","pid":44530,"level":30,"msg":"Start processing","time":"2017-12-23T06:34:37.912Z","v":0}
{"name":"hexo","hostname":"MacBook-Pro.local","pid":44530,"level":20,"msg":"Processed: \u001b[35m_posts/Be-predictable-not-correct-by-Pete-Hunt-from-Instagram.md\u001b[39m","time":"2017-12-23T06:34:38.014Z","v":0}
{"name":"hexo","hostname":"MacBook-Pro.local","pid":44530,"level":20,"msg":"Processed: \u001b[35m_posts/Firebase：前端工程師的神兵利器.md\u001b[39m","time":"2017-12-23T06:34:38.015Z","v":0}
{"name":"hexo","hostname":"MacBook-Pro.local","pid":44530,"level":20,"msg":"Processed: \u001b[35m_posts/Hey-Underscore-You-re-doing-it-Wrong-介紹函數編程.md\u001b[39m","time":"2017-12-23T06:34:38.015Z","v":0}
{"name":"hexo","hostname":"MacBook-Pro.local","pid":44530,"level":20,"msg":"Processed: \u001b[35m_posts/Javascript-中的函數式編程-a-talk-ReactiveConf-2015.md\u001b[39m","time":"2017-12-23T06:34:38.015Z","v":0}
{"name":"hexo","hostname":"MacBook-Pro.local","pid":44530,"level":20,"msg":"Processed: \u001b[35m_posts/Node-js-的發明人-Ryan-Dahl-在-Yahoo-介紹-Node-js-2010.md\u001b[39m","time":"2017-12-23T06:34:38.015Z","v":0}
{"name":"hexo","hostname":"MacBook-Pro.local","pid":44530,"level":20,"msg":"Processed: \u001b[35m_posts/React-UI-心得文之一.md\u001b[39m","time":"2017-12-23T06:34:38.015Z","v":0}
{"name":"hexo","hostname":"MacBook-Pro.local","pid":44530,"level":20,"msg":"Processed: \u001b[35m_posts/React-和-Flux-到底在做什麼.md\u001b[39m","time":"2017-12-23T06:34:38.015Z","v":0}
{"name":"hexo","hostname":"MacBook-Pro.local","pid":44530,"level":20,"msg":"Processed: \u001b[35m_posts/Redux-事件驅動系統-伺服器.md\u001b[39m","time":"2017-12-23T06:34:38.015Z","v":0}
{"name":"hexo","hostname":"MacBook-Pro.local","pid":44530,"level":20,"msg":"Processed: \u001b[35m_posts/Redux-簡介：我終於看穿它了.md\u001b[39m","time":"2017-12-23T06:34:38.015Z","v":0}
{"name":"hexo","hostname":"MacBook-Pro.local","pid":44530,"level":20,"msg":"Processed: \u001b[35m_posts/hello-world.md\u001b[39m","time":"2017-12-23T06:34:38.016Z","v":0}
{"name":"hexo","hostname":"MacBook-Pro.local","pid":44530,"level":20,"msg":"Processed: \u001b[35m_posts/”redux-js-可預測的狀態容器“-的-API-使用說明.md\u001b[39m","time":"2017-12-23T06:34:38.016Z","v":0}
{"name":"hexo","hostname":"MacBook-Pro.local","pid":44530,"level":20,"msg":"Processed: \u001b[35m_posts/什麼是設計？.md\u001b[39m","time":"2017-12-23T06:34:38.016Z","v":0}
{"name":"hexo","hostname":"MacBook-Pro.local","pid":44530,"level":20,"msg":"Processed: \u001b[35m_posts/介紹-React-js-2013-by-Facebook.md\u001b[39m","time":"2017-12-23T06:34:38.016Z","v":0}
{"name":"hexo","hostname":"MacBook-Pro.local","pid":44530,"level":20,"msg":"Processed: \u001b[35m_posts/使用者故事對照-地圖演講摘要-User-Story-Mapping.md\u001b[39m","time":"2017-12-23T06:34:38.016Z","v":0}
{"name":"hexo","hostname":"MacBook-Pro.local","pid":44530,"level":20,"msg":"Processed: \u001b[35m_posts/做-Prototype-的工具-framer-js.md\u001b[39m","time":"2017-12-23T06:34:38.016Z","v":0}
{"name":"hexo","hostname":"MacBook-Pro.local","pid":44530,"level":20,"msg":"Processed: \u001b[35m_posts/函數式編程介紹-1-2.md\u001b[39m","time":"2017-12-23T06:34:38.016Z","v":0}
{"name":"hexo","hostname":"MacBook-Pro.local","pid":44530,"level":20,"msg":"Processed: \u001b[35m_posts/參加-FB-Hackathon-2015-感想.md\u001b[39m","time":"2017-12-23T06:34:38.016Z","v":0}
{"name":"hexo","hostname":"MacBook-Pro.local","pid":44530,"level":20,"msg":"Processed: \u001b[35m_posts/台大不一樣思考社：設計思考工作坊-Day-1.md\u001b[39m","time":"2017-12-23T06:34:38.016Z","v":0}
{"name":"hexo","hostname":"MacBook-Pro.local","pid":44530,"level":20,"msg":"Processed: \u001b[35m_posts/台大不一樣思考社：設計思考工作坊-Day-2.md\u001b[39m","time":"2017-12-23T06:34:38.016Z","v":0}
{"name":"hexo","hostname":"MacBook-Pro.local","pid":44530,"level":20,"msg":"Processed: \u001b[35m_posts/大腦超載時代的思考學-The-Organized-Mind-Thinking-Straight-in-the-Age-of-Information-Overload.md\u001b[39m","time":"2017-12-23T06:34:38.017Z","v":0}
{"name":"hexo","hostname":"MacBook-Pro.local","pid":44530,"level":20,"msg":"Processed: \u001b[35m_posts/如何讓程式可維護-重構的方向-程式開發中的互動設計.md\u001b[39m","time":"2017-12-23T06:34:38.017Z","v":0}
{"name":"hexo","hostname":"MacBook-Pro.local","pid":44530,"level":20,"msg":"Processed: \u001b[35m_posts/從買蘋果看工程師和設計師的差別？.md\u001b[39m","time":"2017-12-23T06:34:38.017Z","v":0}
{"name":"hexo","hostname":"MacBook-Pro.local","pid":44530,"level":20,"msg":"Processed: \u001b[35m_posts/淺談函數式編程和-React.md\u001b[39m","time":"2017-12-23T06:34:38.017Z","v":0}
{"name":"hexo","hostname":"MacBook-Pro.local","pid":44530,"level":20,"msg":"Processed: \u001b[35m_posts/用-Redux-實踐「狀態機導向的介面開發」.md\u001b[39m","time":"2017-12-23T06:34:38.017Z","v":0}
{"name":"hexo","hostname":"MacBook-Pro.local","pid":44530,"level":20,"msg":"Processed: \u001b[35m_posts/研究-Node-js-和-Express-js-有感.md\u001b[39m","time":"2017-12-23T06:34:38.018Z","v":0}
{"name":"hexo","hostname":"MacBook-Pro.local","pid":44530,"level":20,"msg":"Processed: \u001b[35m_posts/程式設計法與人生-Programming-Paradigm-and-Life.md\u001b[39m","time":"2017-12-23T06:34:38.018Z","v":0}
{"name":"hexo","hostname":"MacBook-Pro.local","pid":44530,"level":20,"msg":"Processed: \u001b[35m_posts/聊預測自己未來的能力.md\u001b[39m","time":"2017-12-23T06:34:38.018Z","v":0}
{"name":"hexo","hostname":"MacBook-Pro.local","pid":44530,"level":20,"msg":"Processed: \u001b[35m_posts/見樹又見林-書摘-心得.md\u001b[39m","time":"2017-12-23T06:34:38.018Z","v":0}
{"name":"hexo","hostname":"MacBook-Pro.local","pid":44530,"level":20,"msg":"Processed: \u001b[35m_posts/訓練英文的閱讀能力.md\u001b[39m","time":"2017-12-23T06:34:38.018Z","v":0}
{"name":"hexo","hostname":"MacBook-Pro.local","pid":44530,"level":20,"msg":"Processed: \u001b[35m_posts/資訊架構學是什麼？.md\u001b[39m","time":"2017-12-23T06:34:38.018Z","v":0}
{"name":"hexo","hostname":"MacBook-Pro.local","pid":44530,"level":20,"msg":"Theme config loaded.","time":"2017-12-23T06:34:38.053Z","v":0}
{"name":"hexo","hostname":"MacBook-Pro.local","pid":44530,"level":20,"msg":"Processed: \u001b[35m_config.yml\u001b[39m","time":"2017-12-23T06:34:38.055Z","v":0}
{"name":"hexo","hostname":"MacBook-Pro.local","pid":44530,"level":20,"msg":"Processed: \u001b[35msource/css/style.styl\u001b[39m","time":"2017-12-23T06:34:38.062Z","v":0}
{"name":"hexo","hostname":"MacBook-Pro.local","pid":44530,"level":20,"msg":"Processed: \u001b[35msource/js/script.js\u001b[39m","time":"2017-12-23T06:34:38.063Z","v":0}
{"name":"hexo","hostname":"MacBook-Pro.local","pid":44530,"level":20,"msg":"Processed: \u001b[35msource/fancybox/fancybox_loading.gif\u001b[39m","time":"2017-12-23T06:34:38.063Z","v":0}
{"name":"hexo","hostname":"MacBook-Pro.local","pid":44530,"level":20,"msg":"Processed: \u001b[35msource/fancybox/fancybox_loading@2x.gif\u001b[39m","time":"2017-12-23T06:34:38.063Z","v":0}
{"name":"hexo","hostname":"MacBook-Pro.local","pid":44530,"level":20,"msg":"Processed: \u001b[35msource/fancybox/fancybox_overlay.png\u001b[39m","time":"2017-12-23T06:34:38.064Z","v":0}
{"name":"hexo","hostname":"MacBook-Pro.local","pid":44530,"level":20,"msg":"Processed: \u001b[35msource/fancybox/fancybox_sprite.png\u001b[39m","time":"2017-12-23T06:34:38.065Z","v":0}
{"name":"hexo","hostname":"MacBook-Pro.local","pid":44530,"level":20,"msg":"Processed: \u001b[35msource/fancybox/fancybox_sprite@2x.png\u001b[39m","time":"2017-12-23T06:34:38.065Z","v":0}
{"name":"hexo","hostname":"MacBook-Pro.local","pid":44530,"level":20,"msg":"Processed: \u001b[35msource/fancybox/jquery.fancybox.css\u001b[39m","time":"2017-12-23T06:34:38.068Z","v":0}
{"name":"hexo","hostname":"MacBook-Pro.local","pid":44530,"level":20,"msg":"Processed: \u001b[35msource/fancybox/jquery.fancybox.js\u001b[39m","time":"2017-12-23T06:34:38.069Z","v":0}
{"name":"hexo","hostname":"MacBook-Pro.local","pid":44530,"level":20,"msg":"Processed: \u001b[35msource/fancybox/jquery.fancybox.pack.js\u001b[39m","time":"2017-12-23T06:34:38.069Z","v":0}
{"name":"hexo","hostname":"MacBook-Pro.local","pid":44530,"level":20,"msg":"Processed: \u001b[35msource/fancybox/blank.gif\u001b[39m","time":"2017-12-23T06:34:38.069Z","v":0}
{"name":"hexo","hostname":"MacBook-Pro.local","pid":44530,"level":20,"msg":"Processed: \u001b[35mlayout/archive.ejs\u001b[39m","time":"2017-12-23T06:34:38.083Z","v":0}
{"name":"hexo","hostname":"MacBook-Pro.local","pid":44530,"level":20,"msg":"Processed: \u001b[35mlayout/category.ejs\u001b[39m","time":"2017-12-23T06:34:38.083Z","v":0}
{"name":"hexo","hostname":"MacBook-Pro.local","pid":44530,"level":20,"msg":"Processed: \u001b[35mlayout/index.ejs\u001b[39m","time":"2017-12-23T06:34:38.083Z","v":0}
{"name":"hexo","hostname":"MacBook-Pro.local","pid":44530,"level":20,"msg":"Processed: \u001b[35mlayout/page.ejs\u001b[39m","time":"2017-12-23T06:34:38.083Z","v":0}
{"name":"hexo","hostname":"MacBook-Pro.local","pid":44530,"level":20,"msg":"Processed: \u001b[35mlayout/post.ejs\u001b[39m","time":"2017-12-23T06:34:38.084Z","v":0}
{"name":"hexo","hostname":"MacBook-Pro.local","pid":44530,"level":20,"msg":"Processed: \u001b[35mlayout/tag.ejs\u001b[39m","time":"2017-12-23T06:34:38.084Z","v":0}
{"name":"hexo","hostname":"MacBook-Pro.local","pid":44530,"level":20,"msg":"Processed: \u001b[35mlayout/layout.ejs\u001b[39m","time":"2017-12-23T06:34:38.084Z","v":0}
{"name":"hexo","hostname":"MacBook-Pro.local","pid":44530,"level":20,"msg":"Processed: \u001b[35mlanguages/de.yml\u001b[39m","time":"2017-12-23T06:34:38.089Z","v":0}
{"name":"hexo","hostname":"MacBook-Pro.local","pid":44530,"level":20,"msg":"Processed: \u001b[35mlanguages/default.yml\u001b[39m","time":"2017-12-23T06:34:38.089Z","v":0}
{"name":"hexo","hostname":"MacBook-Pro.local","pid":44530,"level":20,"msg":"Processed: \u001b[35mlanguages/es.yml\u001b[39m","time":"2017-12-23T06:34:38.089Z","v":0}
{"name":"hexo","hostname":"MacBook-Pro.local","pid":44530,"level":20,"msg":"Processed: \u001b[35mlanguages/fr.yml\u001b[39m","time":"2017-12-23T06:34:38.089Z","v":0}
{"name":"hexo","hostname":"MacBook-Pro.local","pid":44530,"level":20,"msg":"Processed: \u001b[35mlanguages/ja.yml\u001b[39m","time":"2017-12-23T06:34:38.089Z","v":0}
{"name":"hexo","hostname":"MacBook-Pro.local","pid":44530,"level":20,"msg":"Processed: \u001b[35mlanguages/ko.yml\u001b[39m","time":"2017-12-23T06:34:38.090Z","v":0}
{"name":"hexo","hostname":"MacBook-Pro.local","pid":44530,"level":20,"msg":"Processed: \u001b[35mlanguages/nl.yml\u001b[39m","time":"2017-12-23T06:34:38.090Z","v":0}
{"name":"hexo","hostname":"MacBook-Pro.local","pid":44530,"level":20,"msg":"Processed: \u001b[35mlanguages/no.yml\u001b[39m","time":"2017-12-23T06:34:38.090Z","v":0}
{"name":"hexo","hostname":"MacBook-Pro.local","pid":44530,"level":20,"msg":"Processed: \u001b[35mlanguages/pt.yml\u001b[39m","time":"2017-12-23T06:34:38.090Z","v":0}
{"name":"hexo","hostname":"MacBook-Pro.local","pid":44530,"level":20,"msg":"Processed: \u001b[35mlanguages/ru.yml\u001b[39m","time":"2017-12-23T06:34:38.090Z","v":0}
{"name":"hexo","hostname":"MacBook-Pro.local","pid":44530,"level":20,"msg":"Processed: \u001b[35mlanguages/zh-CN.yml\u001b[39m","time":"2017-12-23T06:34:38.090Z","v":0}
{"name":"hexo","hostname":"MacBook-Pro.local","pid":44530,"level":20,"msg":"Processed: \u001b[35mlanguages/zh-TW.yml\u001b[39m","time":"2017-12-23T06:34:38.090Z","v":0}
{"name":"hexo","hostname":"MacBook-Pro.local","pid":44530,"level":20,"msg":"Processed: \u001b[35msource/css/fonts/FontAwesome.otf\u001b[39m","time":"2017-12-23T06:34:38.097Z","v":0}
{"name":"hexo","hostname":"MacBook-Pro.local","pid":44530,"level":20,"msg":"Processed: \u001b[35msource/css/fonts/fontawesome-webfont.eot\u001b[39m","time":"2017-12-23T06:34:38.097Z","v":0}
{"name":"hexo","hostname":"MacBook-Pro.local","pid":44530,"level":20,"msg":"Processed: \u001b[35msource/css/fonts/fontawesome-webfont.woff\u001b[39m","time":"2017-12-23T06:34:38.098Z","v":0}
{"name":"hexo","hostname":"MacBook-Pro.local","pid":44530,"level":20,"msg":"Processed: \u001b[35msource/fancybox/helpers/fancybox_buttons.png\u001b[39m","time":"2017-12-23T06:34:38.098Z","v":0}
{"name":"hexo","hostname":"MacBook-Pro.local","pid":44530,"level":20,"msg":"Processed: \u001b[35msource/fancybox/helpers/jquery.fancybox-buttons.css\u001b[39m","time":"2017-12-23T06:34:38.098Z","v":0}
{"name":"hexo","hostname":"MacBook-Pro.local","pid":44530,"level":20,"msg":"Processed: \u001b[35msource/fancybox/helpers/jquery.fancybox-thumbs.css\u001b[39m","time":"2017-12-23T06:34:38.099Z","v":0}
{"name":"hexo","hostname":"MacBook-Pro.local","pid":44530,"level":20,"msg":"Processed: \u001b[35msource/fancybox/helpers/jquery.fancybox-thumbs.js\u001b[39m","time":"2017-12-23T06:34:38.099Z","v":0}
{"name":"hexo","hostname":"MacBook-Pro.local","pid":44530,"level":20,"msg":"Processed: \u001b[35msource/fancybox/helpers/jquery.fancybox-buttons.js\u001b[39m","time":"2017-12-23T06:34:38.099Z","v":0}
{"name":"hexo","hostname":"MacBook-Pro.local","pid":44530,"level":20,"msg":"Processed: \u001b[35msource/fancybox/helpers/jquery.fancybox-media.js\u001b[39m","time":"2017-12-23T06:34:38.099Z","v":0}
{"name":"hexo","hostname":"MacBook-Pro.local","pid":44530,"level":20,"msg":"Processed: \u001b[35mlayout/_partial/after-footer.ejs\u001b[39m","time":"2017-12-23T06:34:38.124Z","v":0}
{"name":"hexo","hostname":"MacBook-Pro.local","pid":44530,"level":20,"msg":"Processed: \u001b[35mlayout/_partial/archive-post.ejs\u001b[39m","time":"2017-12-23T06:34:38.124Z","v":0}
{"name":"hexo","hostname":"MacBook-Pro.local","pid":44530,"level":20,"msg":"Processed: \u001b[35mlayout/_partial/archive.ejs\u001b[39m","time":"2017-12-23T06:34:38.124Z","v":0}
{"name":"hexo","hostname":"MacBook-Pro.local","pid":44530,"level":20,"msg":"Processed: \u001b[35mlayout/_partial/footer.ejs\u001b[39m","time":"2017-12-23T06:34:38.125Z","v":0}
{"name":"hexo","hostname":"MacBook-Pro.local","pid":44530,"level":20,"msg":"Processed: \u001b[35mlayout/_partial/article.ejs\u001b[39m","time":"2017-12-23T06:34:38.125Z","v":0}
{"name":"hexo","hostname":"MacBook-Pro.local","pid":44530,"level":20,"msg":"Processed: \u001b[35mlayout/_partial/gauges-analytics.ejs\u001b[39m","time":"2017-12-23T06:34:38.125Z","v":0}
{"name":"hexo","hostname":"MacBook-Pro.local","pid":44530,"level":20,"msg":"Processed: \u001b[35mlayout/_partial/mobile-nav.ejs\u001b[39m","time":"2017-12-23T06:34:38.126Z","v":0}
{"name":"hexo","hostname":"MacBook-Pro.local","pid":44530,"level":20,"msg":"Processed: \u001b[35mlayout/_partial/google-analytics.ejs\u001b[39m","time":"2017-12-23T06:34:38.126Z","v":0}
{"name":"hexo","hostname":"MacBook-Pro.local","pid":44530,"level":20,"msg":"Processed: \u001b[35mlayout/_partial/head.ejs\u001b[39m","time":"2017-12-23T06:34:38.127Z","v":0}
{"name":"hexo","hostname":"MacBook-Pro.local","pid":44530,"level":20,"msg":"Processed: \u001b[35mlayout/_partial/sidebar.ejs\u001b[39m","time":"2017-12-23T06:34:38.127Z","v":0}
{"name":"hexo","hostname":"MacBook-Pro.local","pid":44530,"level":20,"msg":"Processed: \u001b[35mlayout/_widget/category.ejs\u001b[39m","time":"2017-12-23T06:34:38.127Z","v":0}
{"name":"hexo","hostname":"MacBook-Pro.local","pid":44530,"level":20,"msg":"Processed: \u001b[35mlayout/_widget/archive.ejs\u001b[39m","time":"2017-12-23T06:34:38.127Z","v":0}
{"name":"hexo","hostname":"MacBook-Pro.local","pid":44530,"level":20,"msg":"Processed: \u001b[35mlayout/_widget/recent_posts.ejs\u001b[39m","time":"2017-12-23T06:34:38.127Z","v":0}
{"name":"hexo","hostname":"MacBook-Pro.local","pid":44530,"level":20,"msg":"Processed: \u001b[35mlayout/_widget/tag.ejs\u001b[39m","time":"2017-12-23T06:34:38.127Z","v":0}
{"name":"hexo","hostname":"MacBook-Pro.local","pid":44530,"level":20,"msg":"Processed: \u001b[35mlayout/_partial/header.ejs\u001b[39m","time":"2017-12-23T06:34:38.127Z","v":0}
{"name":"hexo","hostname":"MacBook-Pro.local","pid":44530,"level":20,"msg":"Processed: \u001b[35mlayout/_widget/tagcloud.ejs\u001b[39m","time":"2017-12-23T06:34:38.127Z","v":0}
{"name":"hexo","hostname":"MacBook-Pro.local","pid":44530,"level":20,"msg":"Processed: \u001b[35msource/css/fonts/fontawesome-webfont.ttf\u001b[39m","time":"2017-12-23T06:34:38.128Z","v":0}
{"name":"hexo","hostname":"MacBook-Pro.local","pid":44530,"level":20,"msg":"Processed: \u001b[35mlayout/_partial/post/date.ejs\u001b[39m","time":"2017-12-23T06:34:38.131Z","v":0}
{"name":"hexo","hostname":"MacBook-Pro.local","pid":44530,"level":20,"msg":"Processed: \u001b[35mlayout/_partial/post/category.ejs\u001b[39m","time":"2017-12-23T06:34:38.131Z","v":0}
{"name":"hexo","hostname":"MacBook-Pro.local","pid":44530,"level":20,"msg":"Processed: \u001b[35mlayout/_partial/post/gallery.ejs\u001b[39m","time":"2017-12-23T06:34:38.131Z","v":0}
{"name":"hexo","hostname":"MacBook-Pro.local","pid":44530,"level":20,"msg":"Processed: \u001b[35mlayout/_partial/post/tag.ejs\u001b[39m","time":"2017-12-23T06:34:38.131Z","v":0}
{"name":"hexo","hostname":"MacBook-Pro.local","pid":44530,"level":20,"msg":"Processed: \u001b[35msource/css/fonts/fontawesome-webfont.svg\u001b[39m","time":"2017-12-23T06:34:38.132Z","v":0}
{"name":"hexo","hostname":"MacBook-Pro.local","pid":44530,"level":20,"msg":"Processed: \u001b[35msource/css/images/banner.jpg\u001b[39m","time":"2017-12-23T06:34:38.133Z","v":0}
{"name":"hexo","hostname":"MacBook-Pro.local","pid":44530,"level":20,"msg":"Processed: \u001b[35mlayout/_partial/post/nav.ejs\u001b[39m","time":"2017-12-23T06:34:38.134Z","v":0}
{"name":"hexo","hostname":"MacBook-Pro.local","pid":44530,"level":20,"msg":"Processed: \u001b[35mlayout/_partial/post/title.ejs\u001b[39m","time":"2017-12-23T06:34:38.134Z","v":0}
{"name":"hexo","hostname":"MacBook-Pro.local","pid":44530,"level":20,"msg":"Generator: \u001b[35mpage\u001b[39m","time":"2017-12-23T06:34:38.231Z","v":0}
{"name":"hexo","hostname":"MacBook-Pro.local","pid":44530,"level":20,"msg":"Generator: \u001b[35mpost\u001b[39m","time":"2017-12-23T06:34:38.231Z","v":0}
{"name":"hexo","hostname":"MacBook-Pro.local","pid":44530,"level":20,"msg":"Generator: \u001b[35marchive\u001b[39m","time":"2017-12-23T06:34:38.231Z","v":0}
{"name":"hexo","hostname":"MacBook-Pro.local","pid":44530,"level":20,"msg":"Generator: \u001b[35mcategory\u001b[39m","time":"2017-12-23T06:34:38.231Z","v":0}
{"name":"hexo","hostname":"MacBook-Pro.local","pid":44530,"level":20,"msg":"Generator: \u001b[35mindex\u001b[39m","time":"2017-12-23T06:34:38.231Z","v":0}
{"name":"hexo","hostname":"MacBook-Pro.local","pid":44530,"level":20,"msg":"Generator: \u001b[35mtag\u001b[39m","time":"2017-12-23T06:34:38.231Z","v":0}
{"name":"hexo","hostname":"MacBook-Pro.local","pid":44530,"level":20,"msg":"Generator: \u001b[35masset\u001b[39m","time":"2017-12-23T06:34:38.232Z","v":0}
{"name":"hexo","hostname":"MacBook-Pro.local","pid":44530,"level":30,"msg":"Hexo is running at \u001b[4mhttp://localhost:4000/\u001b[24m. Press Ctrl+C to stop.","time":"2017-12-23T06:34:38.268Z","v":0}
{"name":"hexo","hostname":"MacBook-Pro.local","pid":44530,"level":20,"msg":"Database saved","time":"2017-12-23T06:34:38.314Z","v":0}
{"name":"hexo","hostname":"MacBook-Pro.local","pid":44530,"level":20,"msg":"Rendering index: \u001b[35mindex.html\u001b[39m","time":"2017-12-23T06:34:51.232Z","v":0}
{"name":"hexo","hostname":"MacBook-Pro.local","pid":44530,"level":20,"msg":"Processed: \u001b[35m_posts/見樹又見林-書摘-心得.md\u001b[39m","time":"2017-12-23T06:36:28.587Z","v":0}
{"name":"hexo","hostname":"MacBook-Pro.local","pid":44530,"level":20,"msg":"Generator: \u001b[35mpage\u001b[39m","time":"2017-12-23T06:36:28.775Z","v":0}
{"name":"hexo","hostname":"MacBook-Pro.local","pid":44530,"level":20,"msg":"Generator: \u001b[35mpost\u001b[39m","time":"2017-12-23T06:36:28.775Z","v":0}
{"name":"hexo","hostname":"MacBook-Pro.local","pid":44530,"level":20,"msg":"Generator: \u001b[35marchive\u001b[39m","time":"2017-12-23T06:36:28.776Z","v":0}
{"name":"hexo","hostname":"MacBook-Pro.local","pid":44530,"level":20,"msg":"Generator: \u001b[35mcategory\u001b[39m","time":"2017-12-23T06:36:28.776Z","v":0}
{"name":"hexo","hostname":"MacBook-Pro.local","pid":44530,"level":20,"msg":"Generator: \u001b[35mindex\u001b[39m","time":"2017-12-23T06:36:28.776Z","v":0}
{"name":"hexo","hostname":"MacBook-Pro.local","pid":44530,"level":20,"msg":"Generator: \u001b[35mtag\u001b[39m","time":"2017-12-23T06:36:28.776Z","v":0}
{"name":"hexo","hostname":"MacBook-Pro.local","pid":44530,"level":20,"msg":"Generator: \u001b[35masset\u001b[39m","time":"2017-12-23T06:36:28.777Z","v":0}
{"name":"hexo","hostname":"MacBook-Pro.local","pid":44530,"level":30,"msg":"Good bye","time":"2017-12-23T06:36:37.302Z","v":0}
{"name":"hexo","hostname":"MacBook-Pro.local","pid":44530,"level":20,"msg":"Database saved","time":"2017-12-23T06:36:37.375Z","v":0}
{"name":"hexo","hostname":"MacBook-Pro.local","pid":44678,"level":20,"msg":"Hexo version: \u001b[35m3.4.4\u001b[39m","time":"2017-12-23T06:36:39.113Z","v":0}
{"name":"hexo","hostname":"MacBook-Pro.local","pid":44678,"level":20,"msg":"Working directory: \u001b[35m~/projects/blog/\u001b[39m","time":"2017-12-23T06:36:39.115Z","v":0}
{"name":"hexo","hostname":"MacBook-Pro.local","pid":44678,"level":20,"msg":"Config loaded: \u001b[35m~/projects/blog/_config.yml\u001b[39m","time":"2017-12-23T06:36:39.185Z","v":0}
{"name":"hexo","hostname":"MacBook-Pro.local","pid":44678,"level":20,"msg":"Plugin loaded: \u001b[35mhexo-generator-archive\u001b[39m","time":"2017-12-23T06:36:39.194Z","v":0}
{"name":"hexo","hostname":"MacBook-Pro.local","pid":44678,"level":20,"msg":"Plugin loaded: \u001b[35mhexo-generator-category\u001b[39m","time":"2017-12-23T06:36:39.195Z","v":0}
{"name":"hexo","hostname":"MacBook-Pro.local","pid":44678,"level":20,"msg":"Plugin loaded: \u001b[35mhexo-generator-index\u001b[39m","time":"2017-12-23T06:36:39.196Z","v":0}
{"name":"hexo","hostname":"MacBook-Pro.local","pid":44678,"level":20,"msg":"Plugin loaded: \u001b[35mhexo-generator-tag\u001b[39m","time":"2017-12-23T06:36:39.197Z","v":0}
{"name":"hexo","hostname":"MacBook-Pro.local","pid":44678,"level":20,"msg":"Plugin loaded: \u001b[35mhexo-migrator-rss\u001b[39m","time":"2017-12-23T06:36:39.339Z","v":0}
{"name":"hexo","hostname":"MacBook-Pro.local","pid":44678,"level":20,"msg":"Plugin loaded: \u001b[35mhexo-renderer-ejs\u001b[39m","time":"2017-12-23T06:36:39.342Z","v":0}
{"name":"hexo","hostname":"MacBook-Pro.local","pid":44678,"level":20,"msg":"Plugin loaded: \u001b[35mhexo-renderer-marked\u001b[39m","time":"2017-12-23T06:36:39.347Z","v":0}
{"name":"hexo","hostname":"MacBook-Pro.local","pid":44678,"level":20,"msg":"Plugin loaded: \u001b[35mhexo-renderer-stylus\u001b[39m","time":"2017-12-23T06:36:39.348Z","v":0}
{"name":"hexo","hostname":"MacBook-Pro.local","pid":44678,"level":20,"msg":"Plugin loaded: \u001b[35mhexo-server\u001b[39m","time":"2017-12-23T06:36:39.390Z","v":0}
{"name":"hexo","hostname":"MacBook-Pro.local","pid":44678,"level":20,"msg":"Script loaded: \u001b[35mthemes/landscape/scripts/fancybox.js\u001b[39m","time":"2017-12-23T06:36:39.394Z","v":0}
{"name":"hexo","hostname":"MacBook-Pro.local","pid":44678,"level":20,"msg":"Loading database.","time":"2017-12-23T06:36:39.404Z","v":0}
{"name":"hexo","hostname":"MacBook-Pro.local","pid":44678,"level":30,"msg":"Start processing","time":"2017-12-23T06:36:39.524Z","v":0}
{"name":"hexo","hostname":"MacBook-Pro.local","pid":44678,"level":20,"msg":"Processed: \u001b[35m_posts/Be-predictable-not-correct-by-Pete-Hunt-from-Instagram.md\u001b[39m","time":"2017-12-23T06:36:39.625Z","v":0}
{"name":"hexo","hostname":"MacBook-Pro.local","pid":44678,"level":20,"msg":"Processed: \u001b[35m_posts/Firebase：前端工程師的神兵利器.md\u001b[39m","time":"2017-12-23T06:36:39.625Z","v":0}
{"name":"hexo","hostname":"MacBook-Pro.local","pid":44678,"level":20,"msg":"Processed: \u001b[35m_posts/Hey-Underscore-You-re-doing-it-Wrong-介紹函數編程.md\u001b[39m","time":"2017-12-23T06:36:39.625Z","v":0}
{"name":"hexo","hostname":"MacBook-Pro.local","pid":44678,"level":20,"msg":"Processed: \u001b[35m_posts/Javascript-中的函數式編程-a-talk-ReactiveConf-2015.md\u001b[39m","time":"2017-12-23T06:36:39.625Z","v":0}
{"name":"hexo","hostname":"MacBook-Pro.local","pid":44678,"level":20,"msg":"Processed: \u001b[35m_posts/Node-js-的發明人-Ryan-Dahl-在-Yahoo-介紹-Node-js-2010.md\u001b[39m","time":"2017-12-23T06:36:39.625Z","v":0}
{"name":"hexo","hostname":"MacBook-Pro.local","pid":44678,"level":20,"msg":"Processed: \u001b[35m_posts/React-UI-心得文之一.md\u001b[39m","time":"2017-12-23T06:36:39.625Z","v":0}
{"name":"hexo","hostname":"MacBook-Pro.local","pid":44678,"level":20,"msg":"Processed: \u001b[35m_posts/React-和-Flux-到底在做什麼.md\u001b[39m","time":"2017-12-23T06:36:39.625Z","v":0}
{"name":"hexo","hostname":"MacBook-Pro.local","pid":44678,"level":20,"msg":"Processed: \u001b[35m_posts/Redux-事件驅動系統-伺服器.md\u001b[39m","time":"2017-12-23T06:36:39.625Z","v":0}
{"name":"hexo","hostname":"MacBook-Pro.local","pid":44678,"level":20,"msg":"Processed: \u001b[35m_posts/Redux-簡介：我終於看穿它了.md\u001b[39m","time":"2017-12-23T06:36:39.625Z","v":0}
{"name":"hexo","hostname":"MacBook-Pro.local","pid":44678,"level":20,"msg":"Processed: \u001b[35m_posts/hello-world.md\u001b[39m","time":"2017-12-23T06:36:39.626Z","v":0}
{"name":"hexo","hostname":"MacBook-Pro.local","pid":44678,"level":20,"msg":"Processed: \u001b[35m_posts/”redux-js-可預測的狀態容器“-的-API-使用說明.md\u001b[39m","time":"2017-12-23T06:36:39.626Z","v":0}
{"name":"hexo","hostname":"MacBook-Pro.local","pid":44678,"level":20,"msg":"Processed: \u001b[35m_posts/什麼是設計？.md\u001b[39m","time":"2017-12-23T06:36:39.626Z","v":0}
{"name":"hexo","hostname":"MacBook-Pro.local","pid":44678,"level":20,"msg":"Processed: \u001b[35m_posts/介紹-React-js-2013-by-Facebook.md\u001b[39m","time":"2017-12-23T06:36:39.626Z","v":0}
{"name":"hexo","hostname":"MacBook-Pro.local","pid":44678,"level":20,"msg":"Processed: \u001b[35m_posts/使用者故事對照-地圖演講摘要-User-Story-Mapping.md\u001b[39m","time":"2017-12-23T06:36:39.626Z","v":0}
{"name":"hexo","hostname":"MacBook-Pro.local","pid":44678,"level":20,"msg":"Processed: \u001b[35m_posts/做-Prototype-的工具-framer-js.md\u001b[39m","time":"2017-12-23T06:36:39.626Z","v":0}
{"name":"hexo","hostname":"MacBook-Pro.local","pid":44678,"level":20,"msg":"Processed: \u001b[35m_posts/函數式編程介紹-1-2.md\u001b[39m","time":"2017-12-23T06:36:39.626Z","v":0}
{"name":"hexo","hostname":"MacBook-Pro.local","pid":44678,"level":20,"msg":"Processed: \u001b[35m_posts/參加-FB-Hackathon-2015-感想.md\u001b[39m","time":"2017-12-23T06:36:39.626Z","v":0}
{"name":"hexo","hostname":"MacBook-Pro.local","pid":44678,"level":20,"msg":"Processed: \u001b[35m_posts/台大不一樣思考社：設計思考工作坊-Day-1.md\u001b[39m","time":"2017-12-23T06:36:39.626Z","v":0}
{"name":"hexo","hostname":"MacBook-Pro.local","pid":44678,"level":20,"msg":"Processed: \u001b[35m_posts/台大不一樣思考社：設計思考工作坊-Day-2.md\u001b[39m","time":"2017-12-23T06:36:39.626Z","v":0}
{"name":"hexo","hostname":"MacBook-Pro.local","pid":44678,"level":20,"msg":"Processed: \u001b[35m_posts/大腦超載時代的思考學-The-Organized-Mind-Thinking-Straight-in-the-Age-of-Information-Overload.md\u001b[39m","time":"2017-12-23T06:36:39.628Z","v":0}
{"name":"hexo","hostname":"MacBook-Pro.local","pid":44678,"level":20,"msg":"Processed: \u001b[35m_posts/如何讓程式可維護-重構的方向-程式開發中的互動設計.md\u001b[39m","time":"2017-12-23T06:36:39.628Z","v":0}
{"name":"hexo","hostname":"MacBook-Pro.local","pid":44678,"level":20,"msg":"Processed: \u001b[35m_posts/從買蘋果看工程師和設計師的差別？.md\u001b[39m","time":"2017-12-23T06:36:39.628Z","v":0}
{"name":"hexo","hostname":"MacBook-Pro.local","pid":44678,"level":20,"msg":"Processed: \u001b[35m_posts/淺談函數式編程和-React.md\u001b[39m","time":"2017-12-23T06:36:39.629Z","v":0}
{"name":"hexo","hostname":"MacBook-Pro.local","pid":44678,"level":20,"msg":"Processed: \u001b[35m_posts/用-Redux-實踐「狀態機導向的介面開發」.md\u001b[39m","time":"2017-12-23T06:36:39.629Z","v":0}
{"name":"hexo","hostname":"MacBook-Pro.local","pid":44678,"level":20,"msg":"Processed: \u001b[35m_posts/研究-Node-js-和-Express-js-有感.md\u001b[39m","time":"2017-12-23T06:36:39.629Z","v":0}
{"name":"hexo","hostname":"MacBook-Pro.local","pid":44678,"level":20,"msg":"Processed: \u001b[35m_posts/程式設計法與人生-Programming-Paradigm-and-Life.md\u001b[39m","time":"2017-12-23T06:36:39.630Z","v":0}
{"name":"hexo","hostname":"MacBook-Pro.local","pid":44678,"level":20,"msg":"Processed: \u001b[35m_posts/聊預測自己未來的能力.md\u001b[39m","time":"2017-12-23T06:36:39.630Z","v":0}
{"name":"hexo","hostname":"MacBook-Pro.local","pid":44678,"level":20,"msg":"Processed: \u001b[35m_posts/訓練英文的閱讀能力.md\u001b[39m","time":"2017-12-23T06:36:39.630Z","v":0}
{"name":"hexo","hostname":"MacBook-Pro.local","pid":44678,"level":20,"msg":"Processed: \u001b[35m_posts/資訊架構學是什麼？.md\u001b[39m","time":"2017-12-23T06:36:39.630Z","v":0}
{"name":"hexo","hostname":"MacBook-Pro.local","pid":44678,"level":20,"msg":"Theme config loaded.","time":"2017-12-23T06:36:39.651Z","v":0}
{"name":"hexo","hostname":"MacBook-Pro.local","pid":44678,"level":20,"msg":"Processed: \u001b[35m_config.yml\u001b[39m","time":"2017-12-23T06:36:39.654Z","v":0}
{"name":"hexo","hostname":"MacBook-Pro.local","pid":44678,"level":20,"msg":"Processed: \u001b[35msource/css/style.styl\u001b[39m","time":"2017-12-23T06:36:39.654Z","v":0}
{"name":"hexo","hostname":"MacBook-Pro.local","pid":44678,"level":20,"msg":"Processed: \u001b[35msource/fancybox/blank.gif\u001b[39m","time":"2017-12-23T06:36:39.654Z","v":0}
{"name":"hexo","hostname":"MacBook-Pro.local","pid":44678,"level":20,"msg":"Processed: \u001b[35msource/fancybox/fancybox_loading.gif\u001b[39m","time":"2017-12-23T06:36:39.654Z","v":0}
{"name":"hexo","hostname":"MacBook-Pro.local","pid":44678,"level":20,"msg":"Processed: \u001b[35msource/fancybox/fancybox_loading@2x.gif\u001b[39m","time":"2017-12-23T06:36:39.655Z","v":0}
{"name":"hexo","hostname":"MacBook-Pro.local","pid":44678,"level":20,"msg":"Processed: \u001b[35msource/fancybox/fancybox_overlay.png\u001b[39m","time":"2017-12-23T06:36:39.655Z","v":0}
{"name":"hexo","hostname":"MacBook-Pro.local","pid":44678,"level":20,"msg":"Processed: \u001b[35msource/fancybox/fancybox_sprite.png\u001b[39m","time":"2017-12-23T06:36:39.655Z","v":0}
{"name":"hexo","hostname":"MacBook-Pro.local","pid":44678,"level":20,"msg":"Processed: \u001b[35msource/fancybox/fancybox_sprite@2x.png\u001b[39m","time":"2017-12-23T06:36:39.655Z","v":0}
{"name":"hexo","hostname":"MacBook-Pro.local","pid":44678,"level":20,"msg":"Processed: \u001b[35msource/fancybox/jquery.fancybox.css\u001b[39m","time":"2017-12-23T06:36:39.655Z","v":0}
{"name":"hexo","hostname":"MacBook-Pro.local","pid":44678,"level":20,"msg":"Processed: \u001b[35msource/fancybox/jquery.fancybox.pack.js\u001b[39m","time":"2017-12-23T06:36:39.656Z","v":0}
{"name":"hexo","hostname":"MacBook-Pro.local","pid":44678,"level":20,"msg":"Processed: \u001b[35msource/fancybox/jquery.fancybox.js\u001b[39m","time":"2017-12-23T06:36:39.657Z","v":0}
{"name":"hexo","hostname":"MacBook-Pro.local","pid":44678,"level":20,"msg":"Processed: \u001b[35msource/js/script.js\u001b[39m","time":"2017-12-23T06:36:39.660Z","v":0}
{"name":"hexo","hostname":"MacBook-Pro.local","pid":44678,"level":20,"msg":"Processed: \u001b[35mlayout/archive.ejs\u001b[39m","time":"2017-12-23T06:36:39.678Z","v":0}
{"name":"hexo","hostname":"MacBook-Pro.local","pid":44678,"level":20,"msg":"Processed: \u001b[35mlayout/category.ejs\u001b[39m","time":"2017-12-23T06:36:39.678Z","v":0}
{"name":"hexo","hostname":"MacBook-Pro.local","pid":44678,"level":20,"msg":"Processed: \u001b[35mlayout/index.ejs\u001b[39m","time":"2017-12-23T06:36:39.678Z","v":0}
{"name":"hexo","hostname":"MacBook-Pro.local","pid":44678,"level":20,"msg":"Processed: \u001b[35mlayout/layout.ejs\u001b[39m","time":"2017-12-23T06:36:39.678Z","v":0}
{"name":"hexo","hostname":"MacBook-Pro.local","pid":44678,"level":20,"msg":"Processed: \u001b[35mlayout/page.ejs\u001b[39m","time":"2017-12-23T06:36:39.679Z","v":0}
{"name":"hexo","hostname":"MacBook-Pro.local","pid":44678,"level":20,"msg":"Processed: \u001b[35mlayout/post.ejs\u001b[39m","time":"2017-12-23T06:36:39.679Z","v":0}
{"name":"hexo","hostname":"MacBook-Pro.local","pid":44678,"level":20,"msg":"Processed: \u001b[35mlayout/tag.ejs\u001b[39m","time":"2017-12-23T06:36:39.679Z","v":0}
{"name":"hexo","hostname":"MacBook-Pro.local","pid":44678,"level":20,"msg":"Processed: \u001b[35mlanguages/de.yml\u001b[39m","time":"2017-12-23T06:36:39.688Z","v":0}
{"name":"hexo","hostname":"MacBook-Pro.local","pid":44678,"level":20,"msg":"Processed: \u001b[35mlanguages/default.yml\u001b[39m","time":"2017-12-23T06:36:39.688Z","v":0}
{"name":"hexo","hostname":"MacBook-Pro.local","pid":44678,"level":20,"msg":"Processed: \u001b[35mlanguages/es.yml\u001b[39m","time":"2017-12-23T06:36:39.688Z","v":0}
{"name":"hexo","hostname":"MacBook-Pro.local","pid":44678,"level":20,"msg":"Processed: \u001b[35mlanguages/fr.yml\u001b[39m","time":"2017-12-23T06:36:39.688Z","v":0}
{"name":"hexo","hostname":"MacBook-Pro.local","pid":44678,"level":20,"msg":"Processed: \u001b[35mlanguages/ja.yml\u001b[39m","time":"2017-12-23T06:36:39.688Z","v":0}
{"name":"hexo","hostname":"MacBook-Pro.local","pid":44678,"level":20,"msg":"Processed: \u001b[35mlanguages/ko.yml\u001b[39m","time":"2017-12-23T06:36:39.688Z","v":0}
{"name":"hexo","hostname":"MacBook-Pro.local","pid":44678,"level":20,"msg":"Processed: \u001b[35mlanguages/nl.yml\u001b[39m","time":"2017-12-23T06:36:39.688Z","v":0}
{"name":"hexo","hostname":"MacBook-Pro.local","pid":44678,"level":20,"msg":"Processed: \u001b[35mlanguages/no.yml\u001b[39m","time":"2017-12-23T06:36:39.688Z","v":0}
{"name":"hexo","hostname":"MacBook-Pro.local","pid":44678,"level":20,"msg":"Processed: \u001b[35mlanguages/pt.yml\u001b[39m","time":"2017-12-23T06:36:39.688Z","v":0}
{"name":"hexo","hostname":"MacBook-Pro.local","pid":44678,"level":20,"msg":"Processed: \u001b[35mlanguages/ru.yml\u001b[39m","time":"2017-12-23T06:36:39.688Z","v":0}
{"name":"hexo","hostname":"MacBook-Pro.local","pid":44678,"level":20,"msg":"Processed: \u001b[35mlanguages/zh-CN.yml\u001b[39m","time":"2017-12-23T06:36:39.688Z","v":0}
{"name":"hexo","hostname":"MacBook-Pro.local","pid":44678,"level":20,"msg":"Processed: \u001b[35mlanguages/zh-TW.yml\u001b[39m","time":"2017-12-23T06:36:39.689Z","v":0}
{"name":"hexo","hostname":"MacBook-Pro.local","pid":44678,"level":20,"msg":"Processed: \u001b[35msource/css/fonts/FontAwesome.otf\u001b[39m","time":"2017-12-23T06:36:39.689Z","v":0}
{"name":"hexo","hostname":"MacBook-Pro.local","pid":44678,"level":20,"msg":"Processed: \u001b[35msource/css/fonts/fontawesome-webfont.eot\u001b[39m","time":"2017-12-23T06:36:39.690Z","v":0}
{"name":"hexo","hostname":"MacBook-Pro.local","pid":44678,"level":20,"msg":"Processed: \u001b[35msource/css/fonts/fontawesome-webfont.woff\u001b[39m","time":"2017-12-23T06:36:39.691Z","v":0}
{"name":"hexo","hostname":"MacBook-Pro.local","pid":44678,"level":20,"msg":"Processed: \u001b[35msource/fancybox/helpers/fancybox_buttons.png\u001b[39m","time":"2017-12-23T06:36:39.691Z","v":0}
{"name":"hexo","hostname":"MacBook-Pro.local","pid":44678,"level":20,"msg":"Processed: \u001b[35msource/fancybox/helpers/jquery.fancybox-buttons.css\u001b[39m","time":"2017-12-23T06:36:39.691Z","v":0}
{"name":"hexo","hostname":"MacBook-Pro.local","pid":44678,"level":20,"msg":"Processed: \u001b[35msource/fancybox/helpers/jquery.fancybox-buttons.js\u001b[39m","time":"2017-12-23T06:36:39.691Z","v":0}
{"name":"hexo","hostname":"MacBook-Pro.local","pid":44678,"level":20,"msg":"Processed: \u001b[35msource/fancybox/helpers/jquery.fancybox-media.js\u001b[39m","time":"2017-12-23T06:36:39.691Z","v":0}
{"name":"hexo","hostname":"MacBook-Pro.local","pid":44678,"level":20,"msg":"Processed: \u001b[35msource/fancybox/helpers/jquery.fancybox-thumbs.css\u001b[39m","time":"2017-12-23T06:36:39.692Z","v":0}
{"name":"hexo","hostname":"MacBook-Pro.local","pid":44678,"level":20,"msg":"Processed: \u001b[35msource/fancybox/helpers/jquery.fancybox-thumbs.js\u001b[39m","time":"2017-12-23T06:36:39.692Z","v":0}
{"name":"hexo","hostname":"MacBook-Pro.local","pid":44678,"level":20,"msg":"Processed: \u001b[35m_posts/見樹又見林-書摘-心得.md\u001b[39m","time":"2017-12-23T06:36:39.707Z","v":0}
{"name":"hexo","hostname":"MacBook-Pro.local","pid":44678,"level":20,"msg":"Processed: \u001b[35msource/css/fonts/fontawesome-webfont.ttf\u001b[39m","time":"2017-12-23T06:36:39.707Z","v":0}
{"name":"hexo","hostname":"MacBook-Pro.local","pid":44678,"level":20,"msg":"Processed: \u001b[35mlayout/_partial/after-footer.ejs\u001b[39m","time":"2017-12-23T06:36:39.744Z","v":0}
{"name":"hexo","hostname":"MacBook-Pro.local","pid":44678,"level":20,"msg":"Processed: \u001b[35mlayout/_partial/archive.ejs\u001b[39m","time":"2017-12-23T06:36:39.744Z","v":0}
{"name":"hexo","hostname":"MacBook-Pro.local","pid":44678,"level":20,"msg":"Processed: \u001b[35mlayout/_partial/archive-post.ejs\u001b[39m","time":"2017-12-23T06:36:39.744Z","v":0}
{"name":"hexo","hostname":"MacBook-Pro.local","pid":44678,"level":20,"msg":"Processed: \u001b[35mlayout/_partial/article.ejs\u001b[39m","time":"2017-12-23T06:36:39.744Z","v":0}
{"name":"hexo","hostname":"MacBook-Pro.local","pid":44678,"level":20,"msg":"Processed: \u001b[35mlayout/_partial/footer.ejs\u001b[39m","time":"2017-12-23T06:36:39.745Z","v":0}
{"name":"hexo","hostname":"MacBook-Pro.local","pid":44678,"level":20,"msg":"Processed: \u001b[35mlayout/_partial/google-analytics.ejs\u001b[39m","time":"2017-12-23T06:36:39.745Z","v":0}
{"name":"hexo","hostname":"MacBook-Pro.local","pid":44678,"level":20,"msg":"Processed: \u001b[35mlayout/_partial/gauges-analytics.ejs\u001b[39m","time":"2017-12-23T06:36:39.745Z","v":0}
{"name":"hexo","hostname":"MacBook-Pro.local","pid":44678,"level":20,"msg":"Processed: \u001b[35mlayout/_partial/head.ejs\u001b[39m","time":"2017-12-23T06:36:39.746Z","v":0}
{"name":"hexo","hostname":"MacBook-Pro.local","pid":44678,"level":20,"msg":"Processed: \u001b[35mlayout/_partial/mobile-nav.ejs\u001b[39m","time":"2017-12-23T06:36:39.746Z","v":0}
{"name":"hexo","hostname":"MacBook-Pro.local","pid":44678,"level":20,"msg":"Processed: \u001b[35mlayout/_partial/header.ejs\u001b[39m","time":"2017-12-23T06:36:39.746Z","v":0}
{"name":"hexo","hostname":"MacBook-Pro.local","pid":44678,"level":20,"msg":"Processed: \u001b[35mlayout/_partial/sidebar.ejs\u001b[39m","time":"2017-12-23T06:36:39.746Z","v":0}
{"name":"hexo","hostname":"MacBook-Pro.local","pid":44678,"level":20,"msg":"Processed: \u001b[35mlayout/_widget/archive.ejs\u001b[39m","time":"2017-12-23T06:36:39.746Z","v":0}
{"name":"hexo","hostname":"MacBook-Pro.local","pid":44678,"level":20,"msg":"Processed: \u001b[35mlayout/_widget/tag.ejs\u001b[39m","time":"2017-12-23T06:36:39.746Z","v":0}
{"name":"hexo","hostname":"MacBook-Pro.local","pid":44678,"level":20,"msg":"Processed: \u001b[35mlayout/_widget/category.ejs\u001b[39m","time":"2017-12-23T06:36:39.746Z","v":0}
{"name":"hexo","hostname":"MacBook-Pro.local","pid":44678,"level":20,"msg":"Processed: \u001b[35mlayout/_widget/recent_posts.ejs\u001b[39m","time":"2017-12-23T06:36:39.746Z","v":0}
{"name":"hexo","hostname":"MacBook-Pro.local","pid":44678,"level":20,"msg":"Processed: \u001b[35mlayout/_widget/tagcloud.ejs\u001b[39m","time":"2017-12-23T06:36:39.746Z","v":0}
{"name":"hexo","hostname":"MacBook-Pro.local","pid":44678,"level":20,"msg":"Processed: \u001b[35msource/css/fonts/fontawesome-webfont.svg\u001b[39m","time":"2017-12-23T06:36:39.749Z","v":0}
{"name":"hexo","hostname":"MacBook-Pro.local","pid":44678,"level":20,"msg":"Processed: \u001b[35msource/css/images/banner.jpg\u001b[39m","time":"2017-12-23T06:36:39.749Z","v":0}
{"name":"hexo","hostname":"MacBook-Pro.local","pid":44678,"level":20,"msg":"Processed: \u001b[35mlayout/_partial/post/date.ejs\u001b[39m","time":"2017-12-23T06:36:39.753Z","v":0}
{"name":"hexo","hostname":"MacBook-Pro.local","pid":44678,"level":20,"msg":"Processed: \u001b[35mlayout/_partial/post/category.ejs\u001b[39m","time":"2017-12-23T06:36:39.753Z","v":0}
{"name":"hexo","hostname":"MacBook-Pro.local","pid":44678,"level":20,"msg":"Processed: \u001b[35mlayout/_partial/post/gallery.ejs\u001b[39m","time":"2017-12-23T06:36:39.753Z","v":0}
{"name":"hexo","hostname":"MacBook-Pro.local","pid":44678,"level":20,"msg":"Processed: \u001b[35mlayout/_partial/post/tag.ejs\u001b[39m","time":"2017-12-23T06:36:39.753Z","v":0}
{"name":"hexo","hostname":"MacBook-Pro.local","pid":44678,"level":20,"msg":"Processed: \u001b[35mlayout/_partial/post/nav.ejs\u001b[39m","time":"2017-12-23T06:36:39.753Z","v":0}
{"name":"hexo","hostname":"MacBook-Pro.local","pid":44678,"level":20,"msg":"Processed: \u001b[35mlayout/_partial/post/title.ejs\u001b[39m","time":"2017-12-23T06:36:39.753Z","v":0}
{"name":"hexo","hostname":"MacBook-Pro.local","pid":44678,"level":20,"msg":"Generator: \u001b[35mpage\u001b[39m","time":"2017-12-23T06:36:39.940Z","v":0}
{"name":"hexo","hostname":"MacBook-Pro.local","pid":44678,"level":20,"msg":"Generator: \u001b[35mpost\u001b[39m","time":"2017-12-23T06:36:39.940Z","v":0}
{"name":"hexo","hostname":"MacBook-Pro.local","pid":44678,"level":20,"msg":"Generator: \u001b[35marchive\u001b[39m","time":"2017-12-23T06:36:39.940Z","v":0}
{"name":"hexo","hostname":"MacBook-Pro.local","pid":44678,"level":20,"msg":"Generator: \u001b[35mcategory\u001b[39m","time":"2017-12-23T06:36:39.941Z","v":0}
{"name":"hexo","hostname":"MacBook-Pro.local","pid":44678,"level":20,"msg":"Generator: \u001b[35mindex\u001b[39m","time":"2017-12-23T06:36:39.941Z","v":0}
{"name":"hexo","hostname":"MacBook-Pro.local","pid":44678,"level":20,"msg":"Generator: \u001b[35mtag\u001b[39m","time":"2017-12-23T06:36:39.941Z","v":0}
{"name":"hexo","hostname":"MacBook-Pro.local","pid":44678,"level":20,"msg":"Generator: \u001b[35masset\u001b[39m","time":"2017-12-23T06:36:39.942Z","v":0}
{"name":"hexo","hostname":"MacBook-Pro.local","pid":44678,"level":30,"msg":"Hexo is running at \u001b[4mhttp://localhost:4000/\u001b[24m. Press Ctrl+C to stop.","time":"2017-12-23T06:36:39.974Z","v":0}
{"name":"hexo","hostname":"MacBook-Pro.local","pid":44678,"level":20,"msg":"Database saved","time":"2017-12-23T06:36:40.015Z","v":0}
{"name":"hexo","hostname":"MacBook-Pro.local","pid":44678,"level":20,"msg":"Rendering index: \u001b[35mindex.html\u001b[39m","time":"2017-12-23T06:36:48.618Z","v":0}
{"name":"hexo","hostname":"MacBook-Pro.local","pid":44678,"level":30,"msg":"Catch you later","time":"2017-12-23T06:37:07.954Z","v":0}
{"name":"hexo","hostname":"MacBook-Pro.local","pid":44678,"level":20,"msg":"Database saved","time":"2017-12-23T06:37:07.976Z","v":0}
